
> frontend@0.1.0 build
> next build

[baseline-browser-mapping] The data in this module is over two months old.  To ensure accurate Baseline data, please update: `npm i baseline-browser-mapping@latest -D`
 ⚠ Warning: Next.js inferred your workspace root, but it may not be correct.
 We detected multiple lockfiles and selected the directory of C:\Users\ASUS\package-lock.json as the root directory.
 To silence this warning, set `turbopack.root` in your Next.js config, or consider removing one of the lockfiles if it's not needed.
   See https://nextjs.org/docs/app/api-reference/config/next-config-js/turbopack#root-directory for more information.
 Detected additional lockfiles: 
   * C:\Users\ASUS\OneDrive\Documents\Bulan-lawlaw-delicacy-system\package-lock.json

   ▲ Next.js 16.0.3 (Turbopack)
   - Environments: .env.local

 ⚠ The "middleware" file convention is deprecated. Please use "proxy" instead. Learn more: https://nextjs.org/docs/messages/middleware-to-proxy
   Creating an optimized production build ...
[baseline-browser-mapping] The data in this module is over two months old.  To ensure accurate Baseline data, please update: `npm i baseline-browser-mapping@latest -D`
 ✓ Compiled successfully in 9.6s
   Running TypeScript ...
Failed to compile.

./src/app/settings/page.tsx:711:44
Type error: Property 'info' does not exist on type '{ (message: Message, opts?: Partial<Pick<Toast, "id" | "style" | "className" | "position" | "duration" | "icon" | "ariaProps" | "iconTheme" | "toasterId" | "removeDelay">> | undefined): string; ... 8 more ...; promise<T>(promise: Promise<...> | (() => Promise<...>), msgs: { ...; }, opts?: DefaultToastOptions | undef...'.

[0m [90m 709 |[39m                     [33m<[39m[33mp[39m className[33m=[39m[32m"text-gray-500 mb-3"[39m[33m>[39m[33mNo[39m payment methods saved yet[33m<[39m[33m/[39m[33mp[39m[33m>[39m
 [90m 710 |[39m                     [33m<[39m[33mbutton[39m
[31m[1m>[22m[39m[90m 711 |[39m                       onClick[33m=[39m{() [33m=>[39m toast[33m.[39minfo([32m'This feature will be available soon'[39m)}
 [90m     |[39m                                            [31m[1m^[22m[39m
 [90m 712 |[39m                       className[33m=[39m[32m"bg-primary-green hover:bg-leaf-green text-white px-4 py-2 rounded-lg font-medium transition-colors"[39m
 [90m 713 |[39m                     [33m>[39m
 [90m 714 |[39m                       [33mAdd[39m [33mPayment[39m [33mMethod[39m[0m
Next.js build worker exited with code: 1 and signal: null
